Using pre-set license
Built from '2020.3/staging' branch; Version is '2020.3.21f1 (a38c86f6690f) revision 10718342'; Using compiler version '192528614'; Build Type 'Release'
OS: 'Windows 10 Pro; OS build 19043.1645; Version 2009; 64bit' Language: 'en' Physical Memory: 16221 MB
BatchMode: 1, IsHumanControllingUs: 0, StartBugReporterOnCrash: 0, Is64bit: 1, IsPro: 0

COMMAND LINE ARGUMENTS:
C:\Program Files\Unity\Hub\Editor\2020.3.21f1\Editor\Unity.exe
-adb2
-batchMode
-noUpm
-name
AssetImportWorker0
-projectPath
C:/Users/maash/26-04
-logFile
Logs/AssetImportWorker0.log
-srvPort
49953
Successfully changed project path to: C:/Users/maash/26-04
C:/Users/maash/26-04
Using Asset Import Pipeline V2.
Refreshing native plugins compatible for Editor in 46.83 ms, found 3 plugins.
Preloading 0 native plugins for Editor in 0.00 ms.
Initialize engine version: 2020.3.21f1 (a38c86f6690f)
[Subsystems] Discovering subsystems at path C:/Program Files/Unity/Hub/Editor/2020.3.21f1/Editor/Data/Resources/UnitySubsystems
[Subsystems] Discovering subsystems at path C:/Users/maash/26-04/Assets
GfxDevice: creating device client; threaded=0
Direct3D:
    Version:  Direct3D 11.0 [level 11.1]
    Renderer: NVIDIA GeForce GTX 1650 Ti (ID=0x1f95)
    Vendor:   
    VRAM:     3962 MB
    Driver:   30.0.15.1215
Initialize mono
Mono path[0] = 'C:/Program Files/Unity/Hub/Editor/2020.3.21f1/Editor/Data/Managed'
Mono path[1] = 'C:/Program Files/Unity/Hub/Editor/2020.3.21f1/Editor/Data/MonoBleedingEdge/lib/mono/unityjit'
Mono config path = 'C:/Program Files/Unity/Hub/Editor/2020.3.21f1/Editor/Data/MonoBleedingEdge/etc'
Using monoOptions --debugger-agent=transport=dt_socket,embedding=1,server=y,suspend=n,address=127.0.0.1:56716
Begin MonoManager ReloadAssembly
Registering precompiled unity dll's ...
Register platform support module: C:/Program Files/Unity/Hub/Editor/2020.3.21f1/Editor/Data/PlaybackEngines/WindowsStandaloneSupport/UnityEditor.WindowsStandalone.Extensions.dll
Registered in 0.002542 seconds.
Native extension for WindowsStandalone target not found
Refreshing native plugins compatible for Editor in 46.92 ms, found 3 plugins.
Preloading 0 native plugins for Editor in 0.00 ms.
Mono: successfully reloaded assembly
- Completed reload, in  1.902 seconds
Domain Reload Profiling:
	ReloadAssembly (1903ms)
		BeginReloadAssembly (74ms)
			ExecutionOrderSort (0ms)
			DisableScriptedObjects (0ms)
			BackupInstance (0ms)
			ReleaseScriptingObjects (0ms)
			CreateAndSetChildDomain (1ms)
		EndReloadAssembly (500ms)
			LoadAssemblies (70ms)
			RebuildTransferFunctionScriptingTraits (0ms)
			SetupTypeCache (175ms)
			ReleaseScriptCaches (0ms)
			RebuildScriptCaches (33ms)
			SetupLoadedEditorAssemblies (180ms)
				LogAssemblyErrors (0ms)
				InitializePlatformSupportModulesInManaged (4ms)
				SetLoadedEditorAssemblies (0ms)
				RefreshPlugins (47ms)
				BeforeProcessingInitializeOnLoad (18ms)
				ProcessInitializeOnLoadAttributes (84ms)
				ProcessInitializeOnLoadMethodAttributes (27ms)
				AfterProcessingInitializeOnLoad (0ms)
				EditorAssembliesLoaded (0ms)
			ExecutionOrderSort2 (0ms)
			AwakeInstancesAfterBackupRestoration (0ms)
Platform modules already initialized, skipping
Registering precompiled user dll's ...
Registered in 0.003923 seconds.
Begin MonoManager ReloadAssembly
Native extension for WindowsStandalone target not found
Refreshing native plugins compatible for Editor in 56.73 ms, found 3 plugins.
Preloading 0 native plugins for Editor in 0.00 ms.
Mono: successfully reloaded assembly
- Completed reload, in  1.258 seconds
Domain Reload Profiling:
	ReloadAssembly (1259ms)
		BeginReloadAssembly (169ms)
			ExecutionOrderSort (0ms)
			DisableScriptedObjects (5ms)
			BackupInstance (0ms)
			ReleaseScriptingObjects (0ms)
			CreateAndSetChildDomain (18ms)
		EndReloadAssembly (1014ms)
			LoadAssemblies (103ms)
			RebuildTransferFunctionScriptingTraits (0ms)
			SetupTypeCache (333ms)
			ReleaseScriptCaches (0ms)
			RebuildScriptCaches (55ms)
			SetupLoadedEditorAssemblies (389ms)
				LogAssemblyErrors (0ms)
				InitializePlatformSupportModulesInManaged (5ms)
				SetLoadedEditorAssemblies (0ms)
				RefreshPlugins (57ms)
				BeforeProcessingInitializeOnLoad (85ms)
				ProcessInitializeOnLoadAttributes (219ms)
				ProcessInitializeOnLoadMethodAttributes (16ms)
				AfterProcessingInitializeOnLoad (7ms)
				EditorAssembliesLoaded (0ms)
			ExecutionOrderSort2 (0ms)
			AwakeInstancesAfterBackupRestoration (7ms)
Platform modules already initialized, skipping
========================================================================
Worker process is ready to serve import requests
Launched and connected shader compiler UnityShaderCompiler.exe after 0.05 seconds
Refreshing native plugins compatible for Editor in 0.75 ms, found 3 plugins.
Preloading 0 native plugins for Editor in 0.00 ms.
Unloading 2233 Unused Serialized files (Serialized files now loaded: 0)
System memory in use before: 97.6 MB.
System memory in use after: 97.7 MB.

Unloading 28 unused Assets to reduce memory usage. Loaded Objects now: 2674.
Total: 3.644300 ms (FindLiveObjects: 0.226700 ms CreateObjectMapping: 0.068900 ms MarkObjects: 3.242600 ms  DeleteObjects: 0.105000 ms)

AssetImportParameters requested are different than current active one (requested -> active):
  custom:framework-win-MediaFoundation: 216162199b28c13a410421893ffa2e32 -> 
  custom:video-decoder-ogg-theora: a1e56fd34408186e4bbccfd4996cb3dc -> 
  custom:container-muxer-webm: aa71ff27fc2769a1b78a27578f13a17b -> 
  custom:container-demuxer-webm: 4f35f7cbe854078d1ac9338744f61a02 -> 
  custom:container-demuxer-ogg: 62fdf1f143b41e24485cea50d1cbac27 -> 
  custom:video-encoder-webm-vp8: eb34c28f22e8b96e1ab97ce403110664 -> 
  custom:video-decoder-webm-vp8: 9c59270c3fd7afecdb556c50c9e8de78 -> 
  custom:audio-decoder-ogg-vorbis: bf7c407c2cedff20999df2af8eb42d56 -> 
  custom:audio-encoder-webm-vorbis: bf7c407c2cedff20999df2af8eb42d56 -> 
========================================================================
Received Import Request.
  path: Assets/Assets/Suzanne.prefab
  artifactKey: Guid(0e4969739ae43a64f81ee0af679ccc3a) Importer(815301076,1909f56bfc062723c751e8b465ee728b)
Start importing Assets/Assets/Suzanne.prefab using Guid(0e4969739ae43a64f81ee0af679ccc3a) Importer(815301076,1909f56bfc062723c751e8b465ee728b)  -> (artifact id: '09ef87e75aaa0fc4fd8e3ef3e141220f') in 0.111828 seconds 
  Import took 0.115933 seconds .

========================================================================
Received Import Request.
  Time since last request: 0.000296 seconds.
  path: Assets/Assets/Scenes
  artifactKey: Guid(ce1192d4cfccec547bfa4fcfa0fab4e6) Importer(815301076,1909f56bfc062723c751e8b465ee728b)
Start importing Assets/Assets/Scenes using Guid(ce1192d4cfccec547bfa4fcfa0fab4e6) Importer(815301076,1909f56bfc062723c751e8b465ee728b)  -> (artifact id: 'aad0c069f95dc75c232caf435bff6429') in 0.001759 seconds 
  Import took 0.005403 seconds .

========================================================================
Received Import Request.
  Time since last request: 1.388109 seconds.
  path: Assets/New Folder/Models/suzanne.fbx
  artifactKey: Guid(75ccff726c83ab14180bd17d75faba90) Importer(815301076,1909f56bfc062723c751e8b465ee728b)
Start importing Assets/New Folder/Models/suzanne.fbx using Guid(75ccff726c83ab14180bd17d75faba90) Importer(815301076,1909f56bfc062723c751e8b465ee728b)  -> (artifact id: '90c1a556232e0e541de5afddf7cfea77') in 0.167669 seconds 
  Import took 0.175349 seconds .

========================================================================
Received Import Request.
  Time since last request: 102.724045 seconds.
  path: Assets/Scenes/Mario.unity
  artifactKey: Guid(e1c7a5286a3b7144181687d264c246d8) Importer(815301076,1909f56bfc062723c751e8b465ee728b)
Start importing Assets/Scenes/Mario.unity using Guid(e1c7a5286a3b7144181687d264c246d8) Importer(815301076,1909f56bfc062723c751e8b465ee728b)  -> (artifact id: '11a8e93d5d5c34d4486156b30945c837') in 0.002623 seconds 
  Import took 0.006840 seconds .

========================================================================
Received Import Request.
  Time since last request: 47.930115 seconds.
  path: Assets/Assets
  artifactKey: Guid(bc1699de2f3ce1b45a128bae18799419) Importer(815301076,1909f56bfc062723c751e8b465ee728b)
Start importing Assets/Assets using Guid(bc1699de2f3ce1b45a128bae18799419) Importer(815301076,1909f56bfc062723c751e8b465ee728b)  -> (artifact id: '27a231e433607b55b51f5759386c9352') in 0.012455 seconds 
  Import took 0.023006 seconds .

========================================================================
Received Import Request.
  Time since last request: 4238.591875 seconds.
  path: Assets/b011cc45c7e08b3068a740e91624bdf0--pixel-art.jpg
  artifactKey: Guid(666da46e4ac83c041b69e8972a7bcad5) Importer(815301076,1909f56bfc062723c751e8b465ee728b)
Start importing Assets/b011cc45c7e08b3068a740e91624bdf0--pixel-art.jpg using Guid(666da46e4ac83c041b69e8972a7bcad5) Importer(815301076,1909f56bfc062723c751e8b465ee728b)  -> (artifact id: '2dc732cae6a9ccbfab0f416b5fe5afa6') in 0.037678 seconds 
  Import took 0.043251 seconds .

========================================================================
Received Import Request.
  Time since last request: 7.195074 seconds.
  path: Assets/b011cc45c7e08b3068a740e91624bdf0--pixel-art.jpg
  artifactKey: Guid(666da46e4ac83c041b69e8972a7bcad5) Importer(815301076,1909f56bfc062723c751e8b465ee728b)
Start importing Assets/b011cc45c7e08b3068a740e91624bdf0--pixel-art.jpg using Guid(666da46e4ac83c041b69e8972a7bcad5) Importer(815301076,1909f56bfc062723c751e8b465ee728b)  -> (artifact id: 'b805555677c226e804c614d876d9cdc6') in 0.010626 seconds 
  Import took 0.016686 seconds .

========================================================================
Received Import Request.
  Time since last request: 45.139294 seconds.
  path: Assets/b011cc45c7e08b3068a740e91624bdf0--pixel-art.jpg
  artifactKey: Guid(666da46e4ac83c041b69e8972a7bcad5) Importer(815301076,1909f56bfc062723c751e8b465ee728b)
Start importing Assets/b011cc45c7e08b3068a740e91624bdf0--pixel-art.jpg using Guid(666da46e4ac83c041b69e8972a7bcad5) Importer(815301076,1909f56bfc062723c751e8b465ee728b)  -> (artifact id: 'a8e34baae9ab20c9cd8e9adbf1ce7902') in 1.803577 seconds 
  Import took 1.811377 seconds .

========================================================================
Received Import Request.
  Time since last request: 47.423562 seconds.
  path: Assets/b011cc45c7e08b3068a740e91624bdf0--pixel-art.jpg
  artifactKey: Guid(666da46e4ac83c041b69e8972a7bcad5) Importer(815301076,1909f56bfc062723c751e8b465ee728b)
Start importing Assets/b011cc45c7e08b3068a740e91624bdf0--pixel-art.jpg using Guid(666da46e4ac83c041b69e8972a7bcad5) Importer(815301076,1909f56bfc062723c751e8b465ee728b)  -> (artifact id: '7932f8140f0ee52b6543c5e0bc6af920') in 1.969546 seconds 
  Import took 1.976863 seconds .

========================================================================
Received Import Request.
  Time since last request: 34.400397 seconds.
  path: Assets/b011cc45c7e08b3068a740e91624bdf0--pixel-art.jpg
  artifactKey: Guid(666da46e4ac83c041b69e8972a7bcad5) Importer(815301076,1909f56bfc062723c751e8b465ee728b)
Start importing Assets/b011cc45c7e08b3068a740e91624bdf0--pixel-art.jpg using Guid(666da46e4ac83c041b69e8972a7bcad5) Importer(815301076,1909f56bfc062723c751e8b465ee728b)  -> (artifact id: '5e556468bb6d51c82ec86a4cc5064353') in 1.817883 seconds 
  Import took 1.825591 seconds .

========================================================================
Received Import Request.
  Time since last request: 697.798272 seconds.
  path: Assets/MarioPrefabs
  artifactKey: Guid(00b59454337cf95459c68e022760f7ba) Importer(815301076,1909f56bfc062723c751e8b465ee728b)
Start importing Assets/MarioPrefabs using Guid(00b59454337cf95459c68e022760f7ba) Importer(815301076,1909f56bfc062723c751e8b465ee728b)  -> (artifact id: 'a67d0023e2e548b219b4f159eebdd05a') in 0.001965 seconds 
  Import took 0.006626 seconds .

========================================================================
Received Import Request.
  Time since last request: 3.707984 seconds.
  path: Assets/MarioPrefabs/Pipe(2).prefab
  artifactKey: Guid(dee914a7804bc5d4d91dba04ded94c7e) Importer(815301076,1909f56bfc062723c751e8b465ee728b)
Start importing Assets/MarioPrefabs/Pipe(2).prefab using Guid(dee914a7804bc5d4d91dba04ded94c7e) Importer(815301076,1909f56bfc062723c751e8b465ee728b)  -> (artifact id: 'ce9af53477a22944439c53981b0a5e3c') in 0.019560 seconds 
  Import took 0.023848 seconds .

========================================================================
Received Import Request.
  Time since last request: 4.113517 seconds.
  path: Assets/MarioPrefabs/ground1.prefab
  artifactKey: Guid(0689aba1bd44a4f408f501eb3c9f133a) Importer(815301076,1909f56bfc062723c751e8b465ee728b)
Start importing Assets/MarioPrefabs/ground1.prefab using Guid(0689aba1bd44a4f408f501eb3c9f133a) Importer(815301076,1909f56bfc062723c751e8b465ee728b)  -> (artifact id: 'cdfc83f7add6a8b98ea48f2efb572c14') in 0.011137 seconds 
  Import took 0.015322 seconds .

========================================================================
Received Import Request.
  Time since last request: 112.686482 seconds.
  path: Assets/MarioPrefabs/Pipe(3).prefab
  artifactKey: Guid(058e6a4c253c2854d937036e7efc09b7) Importer(815301076,1909f56bfc062723c751e8b465ee728b)
Start importing Assets/MarioPrefabs/Pipe(3).prefab using Guid(058e6a4c253c2854d937036e7efc09b7) Importer(815301076,1909f56bfc062723c751e8b465ee728b)  -> (artifact id: '4d163fa0d80ff504623e0175c39e4225') in 0.010711 seconds 
  Import took 0.014818 seconds .

========================================================================
Received Import Request.
  Time since last request: 51.909435 seconds.
  path: Assets/MarioPrefabs/Pipe(4).prefab
  artifactKey: Guid(0c35578667fb82943ae121334847a6ab) Importer(815301076,1909f56bfc062723c751e8b465ee728b)
Start importing Assets/MarioPrefabs/Pipe(4).prefab using Guid(0c35578667fb82943ae121334847a6ab) Importer(815301076,1909f56bfc062723c751e8b465ee728b)  -> (artifact id: 'b2c5bb93ee950e8c0e602e5ffe96c52a') in 0.011607 seconds 
  Import took 0.016198 seconds .

========================================================================
Received Prepare
Registering precompiled user dll's ...
Registered in 0.006036 seconds.
Begin MonoManager ReloadAssembly
Native extension for WindowsStandalone target not found
Refreshing native plugins compatible for Editor in 0.48 ms, found 3 plugins.
Preloading 0 native plugins for Editor in 0.00 ms.
Mono: successfully reloaded assembly
- Completed reload, in  1.196 seconds
Domain Reload Profiling:
	ReloadAssembly (1197ms)
		BeginReloadAssembly (138ms)
			ExecutionOrderSort (0ms)
			DisableScriptedObjects (5ms)
			BackupInstance (0ms)
			ReleaseScriptingObjects (0ms)
			CreateAndSetChildDomain (44ms)
		EndReloadAssembly (985ms)
			LoadAssemblies (116ms)
			RebuildTransferFunctionScriptingTraits (0ms)
			SetupTypeCache (349ms)
			ReleaseScriptCaches (1ms)
			RebuildScriptCaches (59ms)
			SetupLoadedEditorAssemblies (352ms)
				LogAssemblyErrors (0ms)
				InitializePlatformSupportModulesInManaged (5ms)
				SetLoadedEditorAssemblies (0ms)
				RefreshPlugins (1ms)
				BeforeProcessingInitializeOnLoad (97ms)
				ProcessInitializeOnLoadAttributes (228ms)
				ProcessInitializeOnLoadMethodAttributes (12ms)
				AfterProcessingInitializeOnLoad (8ms)
				EditorAssembliesLoaded (0ms)
			ExecutionOrderSort2 (0ms)
			AwakeInstancesAfterBackupRestoration (13ms)
Platform modules already initialized, skipping
Refreshing native plugins compatible for Editor in 0.72 ms, found 3 plugins.
Preloading 0 native plugins for Editor in 0.00 ms.
Unloading 2219 Unused Serialized files (Serialized files now loaded: 0)
System memory in use before: 100.6 MB.
System memory in use after: 100.8 MB.

Unloading 17 unused Assets to reduce memory usage. Loaded Objects now: 2724.
Total: 4.525300 ms (FindLiveObjects: 0.247700 ms CreateObjectMapping: 0.121500 ms MarkObjects: 4.135100 ms  DeleteObjects: 0.019600 ms)

AssetImportParameters requested are different than current active one (requested -> active):
  custom:framework-win-MediaFoundation: 216162199b28c13a410421893ffa2e32 -> 
  custom:video-decoder-ogg-theora: a1e56fd34408186e4bbccfd4996cb3dc -> 
  custom:container-muxer-webm: aa71ff27fc2769a1b78a27578f13a17b -> 
  custom:container-demuxer-webm: 4f35f7cbe854078d1ac9338744f61a02 -> 
  custom:container-demuxer-ogg: 62fdf1f143b41e24485cea50d1cbac27 -> 
  custom:video-encoder-webm-vp8: eb34c28f22e8b96e1ab97ce403110664 -> 
  custom:video-decoder-webm-vp8: 9c59270c3fd7afecdb556c50c9e8de78 -> 
  custom:audio-decoder-ogg-vorbis: bf7c407c2cedff20999df2af8eb42d56 -> 
  custom:audio-encoder-webm-vorbis: bf7c407c2cedff20999df2af8eb42d56 -> 
========================================================================
Received Import Request.
  Time since last request: 428.997412 seconds.
  path: Assets/MarioPrefabs/Pipe(4).prefab
  artifactKey: Guid(0c35578667fb82943ae121334847a6ab) Importer(815301076,1909f56bfc062723c751e8b465ee728b)
Start importing Assets/MarioPrefabs/Pipe(4).prefab using Guid(0c35578667fb82943ae121334847a6ab) Importer(815301076,1909f56bfc062723c751e8b465ee728b)  -> (artifact id: '1af79e5d8c74d421dd2313c52f2eb488') in 0.057367 seconds 
  Import took 0.061325 seconds .

========================================================================
Received Import Request.
  Time since last request: 7.053683 seconds.
  path: Assets/MarioPrefabs/Pipe(3).prefab
  artifactKey: Guid(058e6a4c253c2854d937036e7efc09b7) Importer(815301076,1909f56bfc062723c751e8b465ee728b)
Start importing Assets/MarioPrefabs/Pipe(3).prefab using Guid(058e6a4c253c2854d937036e7efc09b7) Importer(815301076,1909f56bfc062723c751e8b465ee728b)  -> (artifact id: '979e5a1b47cefc7ff3ba3d5eee2a31c5') in 0.011143 seconds 
  Import took 0.015458 seconds .

========================================================================
Received Import Request.
  Time since last request: 344.991605 seconds.
  path: Assets/b011cc45c7e08b3068a740e91624bdf0--pixel-art.jpg
  artifactKey: Guid(666da46e4ac83c041b69e8972a7bcad5) Importer(815301076,1909f56bfc062723c751e8b465ee728b)
Start importing Assets/b011cc45c7e08b3068a740e91624bdf0--pixel-art.jpg using Guid(666da46e4ac83c041b69e8972a7bcad5) Importer(815301076,1909f56bfc062723c751e8b465ee728b)  -> (artifact id: '7dac6e6106198aa8080f234f25072865') in 1.863168 seconds 
  Import took 1.872489 seconds .

========================================================================
Received Import Request.
  Time since last request: 48.472888 seconds.
  path: Assets/sheet--pixel-art.png
  artifactKey: Guid(b77c8ce46dbab0d449820a527dccdc09) Importer(815301076,1909f56bfc062723c751e8b465ee728b)
Start importing Assets/sheet--pixel-art.png using Guid(b77c8ce46dbab0d449820a527dccdc09) Importer(815301076,1909f56bfc062723c751e8b465ee728b)  -> (artifact id: '689a92656881bd30afc328d58b998e00') in 0.023671 seconds 
  Import took 0.027661 seconds .

========================================================================
Received Import Request.
  Time since last request: 13.127745 seconds.
  path: Assets/sheet--pixel-art.png
  artifactKey: Guid(b77c8ce46dbab0d449820a527dccdc09) Importer(815301076,1909f56bfc062723c751e8b465ee728b)
Start importing Assets/sheet--pixel-art.png using Guid(b77c8ce46dbab0d449820a527dccdc09) Importer(815301076,1909f56bfc062723c751e8b465ee728b)  -> (artifact id: 'c84da0b3b4eea3d8d391767cbbae379d') in 0.009050 seconds 
  Import took 0.013397 seconds .

========================================================================
Received Import Request.
  Time since last request: 19.789850 seconds.
  path: Assets/sheet--pixel-art.png
  artifactKey: Guid(b77c8ce46dbab0d449820a527dccdc09) Importer(815301076,1909f56bfc062723c751e8b465ee728b)
Start importing Assets/sheet--pixel-art.png using Guid(b77c8ce46dbab0d449820a527dccdc09) Importer(815301076,1909f56bfc062723c751e8b465ee728b)  -> (artifact id: 'af02b83c67643f2585dd48934439830b') in 1.563434 seconds 
  Import took 1.570166 seconds .

========================================================================
Received Import Request.
  Time since last request: 29.128897 seconds.
  path: Assets/sheet--pixel-art.png
  artifactKey: Guid(b77c8ce46dbab0d449820a527dccdc09) Importer(815301076,1909f56bfc062723c751e8b465ee728b)
Start importing Assets/sheet--pixel-art.png using Guid(b77c8ce46dbab0d449820a527dccdc09) Importer(815301076,1909f56bfc062723c751e8b465ee728b)  -> (artifact id: '5edcfccfd7ee3613ae5dd3424f8058a2') in 1.527125 seconds 
  Import took 1.534193 seconds .

========================================================================
Received Import Request.
  Time since last request: 239.140532 seconds.
  path: Assets/sheet--pixel-art.png
  artifactKey: Guid(b77c8ce46dbab0d449820a527dccdc09) Importer(815301076,1909f56bfc062723c751e8b465ee728b)
Start importing Assets/sheet--pixel-art.png using Guid(b77c8ce46dbab0d449820a527dccdc09) Importer(815301076,1909f56bfc062723c751e8b465ee728b)  -> (artifact id: '52c2ac6d4bd0bc331771004355853dfd') in 1.580072 seconds 
  Import took 1.587181 seconds .

========================================================================
Received Import Request.
  Time since last request: 7.866854 seconds.
  path: Assets/sheet--pixel-art.png
  artifactKey: Guid(b77c8ce46dbab0d449820a527dccdc09) Importer(815301076,1909f56bfc062723c751e8b465ee728b)
Start importing Assets/sheet--pixel-art.png using Guid(b77c8ce46dbab0d449820a527dccdc09) Importer(815301076,1909f56bfc062723c751e8b465ee728b)  -> (artifact id: '277d4edebf11c35d914005b60cc2eaf8') in 1.619012 seconds 
  Import took 1.626593 seconds .

========================================================================
Received Import Request.
  Time since last request: 47.361281 seconds.
  path: Assets/sheet--pixel-art.png
  artifactKey: Guid(b77c8ce46dbab0d449820a527dccdc09) Importer(815301076,1909f56bfc062723c751e8b465ee728b)
Start importing Assets/sheet--pixel-art.png using Guid(b77c8ce46dbab0d449820a527dccdc09) Importer(815301076,1909f56bfc062723c751e8b465ee728b)  -> (artifact id: 'd4d9fc8c2321af73981081925946564f') in 1.476846 seconds 
  Import took 1.484524 seconds .

========================================================================
Received Import Request.
  Time since last request: 6.881719 seconds.
  path: Assets/sheet--pixel-art.png
  artifactKey: Guid(b77c8ce46dbab0d449820a527dccdc09) Importer(815301076,1909f56bfc062723c751e8b465ee728b)
Start importing Assets/sheet--pixel-art.png using Guid(b77c8ce46dbab0d449820a527dccdc09) Importer(815301076,1909f56bfc062723c751e8b465ee728b)  -> (artifact id: '36a9f5d9d14f03796eeb40db9ccebc7d') in 1.447958 seconds 
  Import took 1.454969 seconds .

========================================================================
Received Import Request.
  Time since last request: 296.117020 seconds.
  path: Assets/MarioPrefabs/Pipe(2).prefab
  artifactKey: Guid(dee914a7804bc5d4d91dba04ded94c7e) Importer(815301076,1909f56bfc062723c751e8b465ee728b)
Start importing Assets/MarioPrefabs/Pipe(2).prefab using Guid(dee914a7804bc5d4d91dba04ded94c7e) Importer(815301076,1909f56bfc062723c751e8b465ee728b)  -> (artifact id: '8e14f37b1c060c873e99c114c867353c') in 0.018252 seconds 
  Import took 0.024203 seconds .

========================================================================
Received Import Request.
  Time since last request: 0.000373 seconds.
  path: Assets/MarioPrefabs/Pipe(4).prefab
  artifactKey: Guid(0c35578667fb82943ae121334847a6ab) Importer(815301076,1909f56bfc062723c751e8b465ee728b)
Start importing Assets/MarioPrefabs/Pipe(4).prefab using Guid(0c35578667fb82943ae121334847a6ab) Importer(815301076,1909f56bfc062723c751e8b465ee728b)  -> (artifact id: '7f327f98080c33238de05f06143e1a16') in 0.010723 seconds 
  Import took 0.014616 seconds .

========================================================================
Received Import Request.
  Time since last request: 0.000368 seconds.
  path: Assets/MarioPrefabs/Pipe(3).prefab
  artifactKey: Guid(058e6a4c253c2854d937036e7efc09b7) Importer(815301076,1909f56bfc062723c751e8b465ee728b)
Start importing Assets/MarioPrefabs/Pipe(3).prefab using Guid(058e6a4c253c2854d937036e7efc09b7) Importer(815301076,1909f56bfc062723c751e8b465ee728b)  -> (artifact id: 'c39c4e65f52b41be80b0807214a106c6') in 0.010169 seconds 
  Import took 0.013828 seconds .

========================================================================
Received Import Request.
  Time since last request: 2.107512 seconds.
  path: Assets/MarioPrefabs/LargeMound.prefab
  artifactKey: Guid(90ecd9b1de8df2647abff53303b10b45) Importer(815301076,1909f56bfc062723c751e8b465ee728b)
Start importing Assets/MarioPrefabs/LargeMound.prefab using Guid(90ecd9b1de8df2647abff53303b10b45) Importer(815301076,1909f56bfc062723c751e8b465ee728b)  -> (artifact id: 'd70dd78c9b76c2a1fe6e6380a5c1f077') in 0.010897 seconds 
  Import took 0.015067 seconds .

========================================================================
Received Import Request.
  Time since last request: 1.373070 seconds.
  path: Assets/MarioPrefabs/SmallMound.prefab
  artifactKey: Guid(c52bec5fa0b1e1142ad054364e249788) Importer(815301076,1909f56bfc062723c751e8b465ee728b)
Start importing Assets/MarioPrefabs/SmallMound.prefab using Guid(c52bec5fa0b1e1142ad054364e249788) Importer(815301076,1909f56bfc062723c751e8b465ee728b)  -> (artifact id: '79b5a486c87db8784af1489f8ecc852e') in 0.009715 seconds 
  Import took 0.013635 seconds .

========================================================================
Received Import Request.
  Time since last request: 713.847196 seconds.
  path: Assets/MarioPrefabs/ground1.prefab
  artifactKey: Guid(0689aba1bd44a4f408f501eb3c9f133a) Importer(815301076,1909f56bfc062723c751e8b465ee728b)
Start importing Assets/MarioPrefabs/ground1.prefab using Guid(0689aba1bd44a4f408f501eb3c9f133a) Importer(815301076,1909f56bfc062723c751e8b465ee728b)  -> (artifact id: 'e7cab2d7012b4840d300f1ab773be8e8') in 0.030613 seconds 
  Import took 0.039896 seconds .

========================================================================
Received Import Request.
  Time since last request: 43.568548 seconds.
  path: Assets/MarioPrefabs/ground1.prefab
  artifactKey: Guid(0689aba1bd44a4f408f501eb3c9f133a) Importer(815301076,1909f56bfc062723c751e8b465ee728b)
Start importing Assets/MarioPrefabs/ground1.prefab using Guid(0689aba1bd44a4f408f501eb3c9f133a) Importer(815301076,1909f56bfc062723c751e8b465ee728b)  -> (artifact id: '96a80177d00494f520c2039c4601c1b6') in 0.009166 seconds 
  Import took 0.013937 seconds .

========================================================================
Received Prepare
Registering precompiled user dll's ...
Registered in 0.004733 seconds.
Begin MonoManager ReloadAssembly
Native extension for WindowsStandalone target not found
Refreshing native plugins compatible for Editor in 0.92 ms, found 3 plugins.
Preloading 0 native plugins for Editor in 0.00 ms.
Mono: successfully reloaded assembly
- Completed reload, in  1.171 seconds
Domain Reload Profiling:
	ReloadAssembly (1171ms)
		BeginReloadAssembly (134ms)
			ExecutionOrderSort (0ms)
			DisableScriptedObjects (6ms)
			BackupInstance (0ms)
			ReleaseScriptingObjects (0ms)
			CreateAndSetChildDomain (41ms)
		EndReloadAssembly (973ms)
			LoadAssemblies (103ms)
			RebuildTransferFunctionScriptingTraits (0ms)
			SetupTypeCache (358ms)
			ReleaseScriptCaches (1ms)
			RebuildScriptCaches (51ms)
			SetupLoadedEditorAssemblies (337ms)
				LogAssemblyErrors (0ms)
				InitializePlatformSupportModulesInManaged (5ms)
				SetLoadedEditorAssemblies (1ms)
				RefreshPlugins (1ms)
				BeforeProcessingInitializeOnLoad (87ms)
				ProcessInitializeOnLoadAttributes (225ms)
				ProcessInitializeOnLoadMethodAttributes (10ms)
				AfterProcessingInitializeOnLoad (7ms)
				EditorAssembliesLoaded (0ms)
			ExecutionOrderSort2 (0ms)
			AwakeInstancesAfterBackupRestoration (13ms)
Platform modules already initialized, skipping
Refreshing native plugins compatible for Editor in 0.60 ms, found 3 plugins.
Preloading 0 native plugins for Editor in 0.00 ms.
Unloading 2219 Unused Serialized files (Serialized files now loaded: 0)
System memory in use before: 101.4 MB.
System memory in use after: 101.6 MB.

Unloading 17 unused Assets to reduce memory usage. Loaded Objects now: 2727.
Total: 3.805100 ms (FindLiveObjects: 0.219900 ms CreateObjectMapping: 0.116900 ms MarkObjects: 3.445300 ms  DeleteObjects: 0.021900 ms)

AssetImportParameters requested are different than current active one (requested -> active):
  custom:framework-win-MediaFoundation: 216162199b28c13a410421893ffa2e32 -> 
  custom:video-decoder-ogg-theora: a1e56fd34408186e4bbccfd4996cb3dc -> 
  custom:container-muxer-webm: aa71ff27fc2769a1b78a27578f13a17b -> 
  custom:container-demuxer-webm: 4f35f7cbe854078d1ac9338744f61a02 -> 
  custom:container-demuxer-ogg: 62fdf1f143b41e24485cea50d1cbac27 -> 
  custom:video-encoder-webm-vp8: eb34c28f22e8b96e1ab97ce403110664 -> 
  custom:video-decoder-webm-vp8: 9c59270c3fd7afecdb556c50c9e8de78 -> 
  custom:audio-decoder-ogg-vorbis: bf7c407c2cedff20999df2af8eb42d56 -> 
  custom:audio-encoder-webm-vorbis: bf7c407c2cedff20999df2af8eb42d56 -> 
========================================================================
Received Import Request.
  Time since last request: 733.071430 seconds.
  path: Assets/sheet--pixel-art.png
  artifactKey: Guid(b77c8ce46dbab0d449820a527dccdc09) Importer(815301076,1909f56bfc062723c751e8b465ee728b)
Start importing Assets/sheet--pixel-art.png using Guid(b77c8ce46dbab0d449820a527dccdc09) Importer(815301076,1909f56bfc062723c751e8b465ee728b)  -> (artifact id: 'dd50ec22a74a0fc1c9b17e0ce613560b') in 1.617808 seconds 
  Import took 1.631226 seconds .

========================================================================
Received Import Request.
  Time since last request: 376.355663 seconds.
  path: Assets/MarioPrefabs/Bush(3).prefab
  artifactKey: Guid(3c35f76cad2221b4cba2a7016e1a22aa) Importer(815301076,1909f56bfc062723c751e8b465ee728b)
Start importing Assets/MarioPrefabs/Bush(3).prefab using Guid(3c35f76cad2221b4cba2a7016e1a22aa) Importer(815301076,1909f56bfc062723c751e8b465ee728b)  -> (artifact id: '3e777a85d62a2cf1f85e0402bf5ddba7') in 0.040876 seconds 
  Import took 0.045517 seconds .

========================================================================
Received Import Request.
  Time since last request: 1.683204 seconds.
  path: Assets/MarioPrefabs/Bush(1).prefab
  artifactKey: Guid(ea98901ce748b8146ac5f96fdc44da27) Importer(815301076,1909f56bfc062723c751e8b465ee728b)
Start importing Assets/MarioPrefabs/Bush(1).prefab using Guid(ea98901ce748b8146ac5f96fdc44da27) Importer(815301076,1909f56bfc062723c751e8b465ee728b)  -> (artifact id: '8cdf2a6eb6d0a9f1827d8ac1ead090e5') in 0.010814 seconds 
  Import took 0.015287 seconds .

========================================================================
Received Import Request.
  Time since last request: 1.442700 seconds.
  path: Assets/MarioPrefabs/Bush(2).prefab
  artifactKey: Guid(44df40c8c4aaf104db3e517fc4c55f76) Importer(815301076,1909f56bfc062723c751e8b465ee728b)
Start importing Assets/MarioPrefabs/Bush(2).prefab using Guid(44df40c8c4aaf104db3e517fc4c55f76) Importer(815301076,1909f56bfc062723c751e8b465ee728b)  -> (artifact id: '508efae55a25df73ca357c29b67096fa') in 0.022150 seconds 
  Import took 0.031647 seconds .

========================================================================
Received Import Request.
  Time since last request: 367.388840 seconds.
  path: Assets/MarioPrefabs/Square(5).prefab
  artifactKey: Guid(645b89c06dfb8c24e9cb88d97f78b421) Importer(815301076,1909f56bfc062723c751e8b465ee728b)
Start importing Assets/MarioPrefabs/Square(5).prefab using Guid(645b89c06dfb8c24e9cb88d97f78b421) Importer(815301076,1909f56bfc062723c751e8b465ee728b)  -> (artifact id: '6ec8176a60ce4d23a7dbabf51a1143b3') in 0.017404 seconds 
  Import took 0.022010 seconds .

========================================================================
Received Import Request.
  Time since last request: 1.645578 seconds.
  path: Assets/MarioPrefabs/Square(4).prefab
  artifactKey: Guid(9169a76741b5bc74a83e33326f088324) Importer(815301076,1909f56bfc062723c751e8b465ee728b)
Start importing Assets/MarioPrefabs/Square(4).prefab using Guid(9169a76741b5bc74a83e33326f088324) Importer(815301076,1909f56bfc062723c751e8b465ee728b)  -> (artifact id: '37cd5d7350f3121a29fdc43d00fe6db0') in 0.009680 seconds 
  Import took 0.014127 seconds .

========================================================================
Received Import Request.
  Time since last request: 2.049307 seconds.
  path: Assets/MarioPrefabs/Square(3).prefab
  artifactKey: Guid(362f1ac36a5bfd6498f173e3705d9e9a) Importer(815301076,1909f56bfc062723c751e8b465ee728b)
Start importing Assets/MarioPrefabs/Square(3).prefab using Guid(362f1ac36a5bfd6498f173e3705d9e9a) Importer(815301076,1909f56bfc062723c751e8b465ee728b)  -> (artifact id: '7874b29a222bd4833b1dd1b206e39e72') in 0.010439 seconds 
  Import took 0.015256 seconds .

========================================================================
Received Import Request.
  Time since last request: 2.155912 seconds.
  path: Assets/MarioPrefabs/Square(2).prefab
  artifactKey: Guid(1a0d1406c82054a408656f0bb0aa3836) Importer(815301076,1909f56bfc062723c751e8b465ee728b)
Start importing Assets/MarioPrefabs/Square(2).prefab using Guid(1a0d1406c82054a408656f0bb0aa3836) Importer(815301076,1909f56bfc062723c751e8b465ee728b)  -> (artifact id: '9f601fde2c662f63bda47d4bc8693030') in 0.009364 seconds 
  Import took 0.013615 seconds .

========================================================================
Received Import Request.
  Time since last request: 1.744849 seconds.
  path: Assets/MarioPrefabs/Square(1).prefab
  artifactKey: Guid(82bf7f313af6f9f4989da48160c1bc18) Importer(815301076,1909f56bfc062723c751e8b465ee728b)
Start importing Assets/MarioPrefabs/Square(1).prefab using Guid(82bf7f313af6f9f4989da48160c1bc18) Importer(815301076,1909f56bfc062723c751e8b465ee728b)  -> (artifact id: 'fcc254c2637285974077829853c3440b') in 0.010602 seconds 
  Import took 0.015843 seconds .

AssetImportWorkerClient::OnTransportError - code=2 error=End of file
